<?xml version="1.0" encoding="UTF-8"?>
<!-- Generated by org.testng.reporters.JUnitReportReporter -->
<testsuite hostname="Hend" failures="0" tests="2" name="Saucelab.tests.LoginTests" time="1.179" errors="0" timestamp="2025-05-21T17:59:50 EEST" skipped="0">
  <testcase classname="Saucelab.tests.LoginTests" name="testLoginNegative" time="0.547"/>
  <testcase classname="Saucelab.tests.LoginTests" name="testLoginPositve" time="0.632"/>
</testsuite> <!-- Saucelab.tests.LoginTests -->
