<?xml version="1.0" encoding="UTF-8"?>
<!-- Generated by org.testng.reporters.JUnitReportReporter -->
<testsuite hostname="Hend" failures="0" tests="1" name="org.example.AppTest" time="0.003" errors="0" timestamp="2025-05-21T17:59:50 EEST" skipped="0">
  <testcase classname="org.example.AppTest" name="testExample" time="0.003"/>
</testsuite> <!-- org.example.AppTest -->
