<?xml version="1.0" encoding="UTF-8"?>
<!-- Generated by org.testng.reporters.JUnitReportReporter -->
<testsuite hostname="Hend" failures="0" tests="1" name="Saucelab.tests.ParchaceTest" time="1.559" errors="0" timestamp="2025-05-21T14:53:50 EEST" skipped="0">
  <testcase classname="Saucelab.tests.ParchaceTest" name="homePageTest" time="1.559"/>
</testsuite> <!-- Saucelab.tests.ParchaceTest -->
