<?xml version="1.0" encoding="UTF-8"?>
<!-- Generated by org.testng.reporters.JUnitReportReporter -->
<testsuite hostname="Hend" failures="0" tests="1" name="Saucelab.tests.PurchaceTest" time="1.140" errors="0" timestamp="2025-05-21T17:59:50 EEST" skipped="0">
  <testcase classname="Saucelab.tests.PurchaceTest" name="completePurchaseFlow" time="1.140"/>
</testsuite> <!-- Saucelab.tests.PurchaceTest -->
